<?xml version="1.0" encoding="UTF-8"?>
<!-- Generated by org.testng.reporters.JUnitReportReporter -->
<testsuite skipped="0" hostname="ETP-QATEST8" name="DriverScript.JDA" tests="3" failures="0" timestamp="10 Jan 2020 10:46:55 GMT" time="87.223" errors="0">
  <testcase name="JDADemandWorkBench" time="32.780" classname="DriverScript.JDA"/>
  <testcase name="JDAPIMSupersession" time="20.896" classname="DriverScript.JDA"/>
  <testcase name="JDASupersession" time="33.547" classname="DriverScript.JDA"/>
</testsuite> <!-- DriverScript.JDA -->
